\BOOKMARK [0][-]{chapter*.1}{}{}
\BOOKMARK [0][-]{chapter*.2}{}{}
\BOOKMARK [0][-]{chapter.1}{ \040}{}
\BOOKMARK [1][-]{section.1.1}{}{chapter.1}
\BOOKMARK [2][-]{subsection.1.1.1}{TeX}{section.1.1}
\BOOKMARK [2][-]{subsection.1.1.2}{LaTeX}{section.1.1}
\BOOKMARK [1][-]{section.1.2}{}{chapter.1}
\BOOKMARK [2][-]{subsection.1.2.1}{, \040 }{section.1.2}
\BOOKMARK [2][-]{subsection.1.2.2}{ }{section.1.2}
\BOOKMARK [2][-]{subsection.1.2.3}{ \040}{section.1.2}
\BOOKMARK [1][-]{section.1.3}{ \040LaTeX}{chapter.1}
\BOOKMARK [2][-]{subsection.1.3.1}{}{section.1.3}
\BOOKMARK [2][-]{subsection.1.3.2}{}{section.1.3}
\BOOKMARK [2][-]{subsection.1.3.3}{ LaTeX}{section.1.3}
\BOOKMARK [2][-]{subsection.1.3.4}{}{section.1.3}
\BOOKMARK [1][-]{section.1.4}{ \040}{chapter.1}
\BOOKMARK [1][-]{section.1.5}{ \040 \040LaTeX}{chapter.1}
\BOOKMARK [1][-]{section.1.6}{ }{chapter.1}
\BOOKMARK [2][-]{subsection.1.6.1}{ }{section.1.6}
\BOOKMARK [2][-]{subsection.1.6.2}{}{section.1.6}
\BOOKMARK [2][-]{subsection.1.6.3}{ }{section.1.6}
\BOOKMARK [1][-]{section.1.7}{ \040}{chapter.1}
\BOOKMARK [1][-]{section.1.8}{ }{chapter.1}
\BOOKMARK [0][-]{chapter.2}{ }{}
\BOOKMARK [1][-]{section.2.1}{ \040 }{chapter.2}
\BOOKMARK [1][-]{section.2.2}{ \040 \040}{chapter.2}
\BOOKMARK [2][-]{subsection.2.2.1}{ }{section.2.2}
\BOOKMARK [2][-]{subsection.2.2.2}{}{section.2.2}
\BOOKMARK [1][-]{section.2.3}{ }{chapter.2}
\BOOKMARK [1][-]{section.2.4}{ \040 }{chapter.2}
\BOOKMARK [2][-]{subsection.2.4.1}{ }{section.2.4}
\BOOKMARK [2][-]{subsection.2.4.2}{ \040}{section.2.4}
\BOOKMARK [2][-]{subsection.2.4.3}{ \(\)}{section.2.4}
\BOOKMARK [2][-]{subsection.2.4.4}{ \040\(\)}{section.2.4}
\BOOKMARK [2][-]{subsection.2.4.5}{ \040}{section.2.4}
\BOOKMARK [2][-]{subsection.2.4.6}{ \( \203\)}{section.2.4}
\BOOKMARK [2][-]{subsection.2.4.7}{}{section.2.4}
\BOOKMARK [2][-]{subsection.2.4.8}{ \040 }{section.2.4}
\BOOKMARK [1][-]{section.2.5}{ \040}{chapter.2}
\BOOKMARK [2][-]{subsection.2.5.1}{ }{section.2.5}
\BOOKMARK [2][-]{subsection.2.5.2}{ }{section.2.5}
\BOOKMARK [2][-]{subsection.2.5.3}{ }{section.2.5}
\BOOKMARK [2][-]{subsection.2.5.4}{ }{section.2.5}
\BOOKMARK [2][-]{subsection.2.5.5}{ }{section.2.5}
\BOOKMARK [1][-]{section.2.6}{ \040}{chapter.2}
\BOOKMARK [1][-]{section.2.7}{, \040 }{chapter.2}
\BOOKMARK [1][-]{section.2.8}{ }{chapter.2}
\BOOKMARK [1][-]{section.2.9}{}{chapter.2}
\BOOKMARK [1][-]{section.2.10}{ }{chapter.2}
\BOOKMARK [1][-]{section.2.11}{}{chapter.2}
\BOOKMARK [2][-]{subsection.2.11.1}{, \040 }{section.2.11}
\BOOKMARK [2][-]{subsection.2.11.2}{ , \040 \040}{section.2.11}
\BOOKMARK [2][-]{subsection.2.11.3}{ \040}{section.2.11}
\BOOKMARK [2][-]{subsection.2.11.4}{ }{section.2.11}
\BOOKMARK [2][-]{subsection.2.11.5}{}{section.2.11}
\BOOKMARK [1][-]{section.2.12}{ }{chapter.2}
\BOOKMARK [1][-]{section.2.13}{ \040}{chapter.2}
\BOOKMARK [0][-]{chapter.3}{ \040}{}
\BOOKMARK [1][-]{section.3.1}{ }{chapter.3}
\BOOKMARK [1][-]{section.3.2}{ \040 }{chapter.3}
\BOOKMARK [1][-]{section.3.3}{ \040}{chapter.3}
\BOOKMARK [1][-]{section.3.4}{ }{chapter.3}
\BOOKMARK [1][-]{section.3.5}{ \040}{chapter.3}
\BOOKMARK [1][-]{section.3.6}{}{chapter.3}
\BOOKMARK [1][-]{section.3.7}{ \040}{chapter.3}
\BOOKMARK [1][-]{section.3.8}{, , \203}{chapter.3}
\BOOKMARK [1][-]{section.3.9}{ }{chapter.3}
\BOOKMARK [1][-]{section.3.10}{ \040}{chapter.3}
\BOOKMARK [0][-]{chapter.4}{ }{}
\BOOKMARK [1][-]{section.4.1}{ Encapsulated PostScript }{chapter.4}
\BOOKMARK [1][-]{section.4.2}{}{chapter.4}
\BOOKMARK [1][-]{section.4.3}{}{chapter.4}
\BOOKMARK [1][-]{section.4.4}{ }{chapter.4}
\BOOKMARK [1][-]{section.4.5}{ verbatim}{chapter.4}
\BOOKMARK [1][-]{section.4.6}{ \040 \040LaTeX}{chapter.4}
\BOOKMARK [1][-]{section.4.7}{ \040pdfLaTeX}{chapter.4}
\BOOKMARK [2][-]{subsection.4.7.1}{PDF- \040WWW}{section.4.7}
\BOOKMARK [2][-]{subsection.4.7.2}{}{section.4.7}
\BOOKMARK [2][-]{subsection.4.7.3}{ }{section.4.7}
\BOOKMARK [2][-]{subsection.4.7.4}{}{section.4.7}
\BOOKMARK [2][-]{subsection.4.7.5}{ \040}{section.4.7}
\BOOKMARK [2][-]{subsection.4.7.6}{ \040}{section.4.7}
\BOOKMARK [1][-]{section.4.8}{ \040 LaTeX \040pdfLaTeX}{chapter.4}
\BOOKMARK [1][-]{section.4.9}{ \040 \040pdfscreen}{chapter.4}
\BOOKMARK [0][-]{chapter.5}{ \040}{}
\BOOKMARK [1][-]{section.5.1}{}{chapter.5}
\BOOKMARK [1][-]{section.5.2}{ picture}{chapter.5}
\BOOKMARK [2][-]{subsection.5.2.1}{ }{section.5.2}
\BOOKMARK [2][-]{subsection.5.2.2}{}{section.5.2}
\BOOKMARK [2][-]{subsection.5.2.3}{}{section.5.2}
\BOOKMARK [2][-]{subsection.5.2.4}{}{section.5.2}
\BOOKMARK [2][-]{subsection.5.2.5}{ \040}{section.5.2}
\BOOKMARK [2][-]{subsection.5.2.6}{ '134 multiput \040'134 linethickness}{section.5.2}
\BOOKMARK [2][-]{subsection.5.2.7}{. \040'134 thinlines \040'134 thicklines}{section.5.2}
\BOOKMARK [2][-]{subsection.5.2.8}{ \040 }{section.5.2}
\BOOKMARK [2][-]{subsection.5.2.9}{ \040}{section.5.2}
\BOOKMARK [2][-]{subsection.5.2.10}{ }{section.5.2}
\BOOKMARK [2][-]{subsection.5.2.11}{ \040 \040}{section.5.2}
\BOOKMARK [1][-]{section.5.3}{Xy-pic}{chapter.5}
\BOOKMARK [0][-]{chapter.6}{ LaTeX}{}
\BOOKMARK [1][-]{section.6.1}{ , \040 }{chapter.6}
\BOOKMARK [2][-]{subsection.6.1.1}{ }{section.6.1}
\BOOKMARK [2][-]{subsection.6.1.2}{ }{section.6.1}
\BOOKMARK [2][-]{subsection.6.1.3}{ \040}{section.6.1}
\BOOKMARK [1][-]{section.6.2}{ \040 }{chapter.6}
\BOOKMARK [2][-]{subsection.6.2.1}{ \040}{section.6.2}
\BOOKMARK [2][-]{subsection.6.2.2}{!}{section.6.2}
\BOOKMARK [2][-]{subsection.6.2.3}{}{section.6.2}
\BOOKMARK [1][-]{section.6.3}{}{chapter.6}
\BOOKMARK [2][-]{subsection.6.3.1}{ \040}{section.6.3}
\BOOKMARK [2][-]{subsection.6.3.2}{ }{section.6.3}
\BOOKMARK [2][-]{subsection.6.3.3}{ }{section.6.3}
\BOOKMARK [2][-]{subsection.6.3.4}{ }{section.6.3}
\BOOKMARK [1][-]{section.6.4}{ }{chapter.6}
\BOOKMARK [1][-]{section.6.5}{ \040}{chapter.6}
\BOOKMARK [1][-]{section.6.6}{}{chapter.6}
\BOOKMARK [1][-]{section.6.7}{ \040}{chapter.6}
\BOOKMARK [0][-]{chapter*.7}{}{}
\BOOKMARK [0][-]{chapter.7}{ }{}
